Release 14.7 - xst P.20131013 (nt64)
Copyright (c) 1995-2013 Xilinx, Inc.  All rights reserved.
--> Parameter TMPDIR set to xst/projnav.tmp


Total REAL time to Xst completion: 0.00 secs
Total CPU time to Xst completion: 0.30 secs
 
--> Parameter xsthdpdir set to xst


Total REAL time to Xst completion: 1.00 secs
Total CPU time to Xst completion: 0.31 secs
 
--> Reading design: tb_hcs.prj

TABLE OF CONTENTS
  1) Synthesis Options Summary
  2) HDL Parsing
  3) HDL Elaboration
  4) HDL Synthesis
       4.1) HDL Synthesis Report
  5) Advanced HDL Synthesis
       5.1) Advanced HDL Synthesis Report
  6) Low Level Synthesis
  7) Partition Report
  8) Design Summary
       8.1) Primitive and Black Box Usage
       8.2) Device utilization summary
       8.3) Partition Resource Summary
       8.4) Timing Report
            8.4.1) Clock Information
            8.4.2) Asynchronous Control Signals Information
            8.4.3) Timing Summary
            8.4.4) Timing Details
            8.4.5) Cross Clock Domains Report


=========================================================================
*                      Synthesis Options Summary                        *
=========================================================================
---- Source Parameters
Input File Name                    : "tb_hcs.prj"
Ignore Synthesis Constraint File   : NO

---- Target Parameters
Output File Name                   : "tb_hcs"
Output Format                      : NGC
Target Device                      : xa7a100t-2I-csg324

---- Source Options
Top Module Name                    : tb_hcs
Automatic FSM Extraction           : YES
FSM Encoding Algorithm             : Auto
Safe Implementation                : No
FSM Style                          : LUT
RAM Extraction                     : Yes
RAM Style                          : Auto
ROM Extraction                     : Yes
Shift Register Extraction          : YES
ROM Style                          : Auto
Resource Sharing                   : YES
Asynchronous To Synchronous        : NO
Shift Register Minimum Size        : 2
Use DSP Block                      : Auto
Automatic Register Balancing       : No

---- Target Options
LUT Combining                      : Auto
Reduce Control Sets                : Auto
Add IO Buffers                     : YES
Global Maximum Fanout              : 100000
Add Generic Clock Buffer(BUFG)     : 32
Register Duplication               : YES
Optimize Instantiated Primitives   : NO
Use Clock Enable                   : Auto
Use Synchronous Set                : Auto
Use Synchronous Reset              : Auto
Pack IO Registers into IOBs        : Auto
Equivalent register Removal        : YES

---- General Options
Optimization Goal                  : Speed
Optimization Effort                : 1
Power Reduction                    : NO
Keep Hierarchy                     : No
Netlist Hierarchy                  : As_Optimized
RTL Output                         : Yes
Global Optimization                : AllClockNets
Read Cores                         : YES
Write Timing Constraints           : NO
Cross Clock Analysis               : NO
Hierarchy Separator                : /
Bus Delimiter                      : <>
Case Specifier                     : Maintain
Slice Utilization Ratio            : 100
BRAM Utilization Ratio             : 100
DSP48 Utilization Ratio            : 100
Auto BRAM Packing                  : NO
Slice Utilization Ratio Delta      : 5

=========================================================================


=========================================================================
*                          HDL Parsing                                  *
=========================================================================
Analyzing Verilog file "E:\University\Logic Circuit\Lab\Prject\LC_Final\project\mux2x1.v" into library work
Parsing module <multiplexer2x1>.
Analyzing Verilog file "E:\University\Logic Circuit\Lab\Prject\LC_Final\project\fulladder.v" into library work
Parsing module <fullAdder>.
Analyzing Verilog file "E:\University\Logic Circuit\Lab\Prject\LC_Final\project\decoder2x4.v" into library work
Parsing module <decoder2x4>.
Analyzing Verilog file "E:\University\Logic Circuit\Lab\Prject\LC_Final\project\mux8bit.v" into library work
Parsing module <multiplexer8bit2x1>.
Analyzing Verilog file "E:\University\Logic Circuit\Lab\Prject\LC_Final\project\multiplexer4x1.v" into library work
Parsing module <multiplexer4x1>.
Analyzing Verilog file "E:\University\Logic Circuit\Lab\Prject\LC_Final\project\decoder4x16.v" into library work
Parsing module <decoder4x16>.
Analyzing Verilog file "E:\University\Logic Circuit\Lab\Prject\LC_Final\project\comp3bit.v" into library work
Parsing module <comparator_3bit>.
Analyzing Verilog file "E:\University\Logic Circuit\Lab\Prject\LC_Final\project\adder8bit.v" into library work
Parsing module <Adder8bit>.
Analyzing Verilog file "E:\University\Logic Circuit\Lab\Prject\LC_Final\project\adder4bit.v" into library work
Parsing module <Adder4bit>.
Analyzing Verilog file "E:\University\Logic Circuit\Lab\Prject\LC_Final\project\temperatureCalculator.v" into library work
Parsing module <temperatureCalculator>.
Analyzing Verilog file "E:\University\Logic Circuit\Lab\Prject\LC_Final\project\temperatureAnalyzer.v" into library work
Parsing module <temperatureAnalyzer>.
Analyzing Verilog file "E:\University\Logic Circuit\Lab\Prject\LC_Final\project\PressureAnalyzer.v" into library work
Parsing module <PressureAnalyzer>.
Analyzing Verilog file "E:\University\Logic Circuit\Lab\Prject\LC_Final\project\ParityErrorChecker.v" into library work
Parsing module <ParityErrorChecker>.
Analyzing Verilog file "E:\University\Logic Circuit\Lab\Prject\LC_Final\project\multiplexer2x1_vesion2.v" into library work
Parsing module <multiplexer2x1_vesion2>.
Analyzing Verilog file "E:\University\Logic Circuit\Lab\Prject\LC_Final\project\comp8bit.v" into library work
Parsing module <comparator_8bit>.
Analyzing Verilog file "E:\University\Logic Circuit\Lab\Prject\LC_Final\project\co.v" into library work
Parsing module <countingOnes>.
WARNING:HDLCompiler:327 - "E:\University\Logic Circuit\Lab\Prject\LC_Final\project\co.v" Line 34: Concatenation with unsized literal; will interpret as 32 bits
Analyzing Verilog file "E:\University\Logic Circuit\Lab\Prject\LC_Final\project\bloodTypeClassification.v" into library work
Parsing module <bloodTypeClassification>.
Analyzing Verilog file "E:\University\Logic Circuit\Lab\Prject\LC_Final\project\bloodPHAnalyzer.v" into library work
Parsing module <bloodPHAnalyzer>.
Analyzing Verilog file "E:\University\Logic Circuit\Lab\Prject\LC_Final\project\absC.v" into library work
Parsing module <absoluteCalculator>.
WARNING:HDLCompiler:327 - "E:\University\Logic Circuit\Lab\Prject\LC_Final\project\absC.v" Line 30: Concatenation with unsized literal; will interpret as 32 bits
Analyzing Verilog file "E:\University\Logic Circuit\Lab\Prject\LC_Final\project\temperatureAbnormalityDetector.v" into library work
Parsing module <temperatureAbnormalityDetector>.
WARNING:HDLCompiler:370 - "E:\University\Logic Circuit\Lab\Prject\LC_Final\project\temperatureAbnormalityDetector.v" Line 27: Empty port in module declaration
Analyzing Verilog file "E:\University\Logic Circuit\Lab\Prject\LC_Final\project\pressureAbnormalityDetector.v" into library work
Parsing module <pressureAbnormalityDetector>.
Analyzing Verilog file "E:\University\Logic Circuit\Lab\Prject\LC_Final\project\gic.v" into library work
Parsing module <glycemicIndexCalculator>.
Analyzing Verilog file "E:\University\Logic Circuit\Lab\Prject\LC_Final\project\fd.v" into library work
Parsing module <fallingDetector>.
Analyzing Verilog file "E:\University\Logic Circuit\Lab\Prject\LC_Final\project\bloodAbnormalityDetector.v" into library work
Parsing module <bloodAbnormalityDetector>.
Analyzing Verilog file "E:\University\Logic Circuit\Lab\Prject\LC_Final\project\healthCareSystem.v" into library work
Parsing module <healthCareSystem>.
Analyzing Verilog file "E:\University\Logic Circuit\Lab\Prject\LC_Final\project\tb_hcs.v" into library work
Parsing module <tb_hcs>.

=========================================================================
*                            HDL Elaboration                            *
=========================================================================

Elaborating module <tb_hcs>.
ERROR:HDLCompiler:1689 - "E:\University\Logic Circuit\Lab\Prject\LC_Final\project\tb_hcs.v" Line 124: System task finish is always executed
WARNING:HDLCompiler:872 - "E:\University\Logic Circuit\Lab\Prject\LC_Final\project\tb_hcs.v" Line 62: Using initial value of pressureData since it is never assigned
Module tb_hcs remains a blackbox, due to errors in its contents
WARNING:HDLCompiler:1499 - "E:\University\Logic Circuit\Lab\Prject\LC_Final\project\tb_hcs.v" Line 23: Empty module <tb_hcs> remains a black box.
--> 

Total memory usage is 4478000 kilobytes

Number of errors   :    1 (   0 filtered)
Number of warnings :    5 (   0 filtered)
Number of infos    :    0 (   0 filtered)

